<?xml version="1.0" encoding="UTF-8"?>
<testng-results ignored="0" total="2" passed="2" failed="0" skipped="0">
  <reporter-output>
  </reporter-output>
  <suite started-at="2023-10-18T09:37:37 PDT" name="Default suite" finished-at="2023-10-18T09:37:46 PDT" duration-ms="9004">
    <groups>
    </groups>
    <test started-at="2023-10-18T09:37:37 PDT" name="Default test" finished-at="2023-10-18T09:37:46 PDT" duration-ms="9004">
      <class name="testcases.LoginTest">
        <test-method is-config="true" signature="SetUp()[pri:0, instance:testcases.LoginTest@6892b3b6]" started-at="2023-10-18T09:37:37 PDT" name="SetUp" finished-at="2023-10-18T09:37:41 PDT" duration-ms="4175" status="PASS">
          <reporter-output>
          </reporter-output>
        </test-method> <!-- SetUp -->
        <test-method signature="VerifyLoginWithValidCredentials()[pri:0, instance:testcases.LoginTest@6892b3b6]" started-at="2023-10-18T09:37:41 PDT" name="VerifyLoginWithValidCredentials" finished-at="2023-10-18T09:37:42 PDT" duration-ms="957" status="PASS">
          <reporter-output>
          </reporter-output>
        </test-method> <!-- VerifyLoginWithValidCredentials -->
        <test-method is-config="true" signature="SetUp()[pri:0, instance:testcases.LoginTest@6892b3b6]" started-at="2023-10-18T09:37:42 PDT" name="SetUp" finished-at="2023-10-18T09:37:45 PDT" duration-ms="2730" status="PASS">
          <reporter-output>
          </reporter-output>
        </test-method> <!-- SetUp -->
        <test-method signature="VerifyLoginWithinValidCredentials()[pri:0, instance:testcases.LoginTest@6892b3b6]" started-at="2023-10-18T09:37:45 PDT" name="VerifyLoginWithinValidCredentials" finished-at="2023-10-18T09:37:46 PDT" duration-ms="1068" status="PASS">
          <reporter-output>
          </reporter-output>
        </test-method> <!-- VerifyLoginWithinValidCredentials -->
      </class> <!-- testcases.LoginTest -->
    </test> <!-- Default test -->
  </suite> <!-- Default suite -->
</testng-results>
